        -:    0:Source:C:/Users/Daniel/CLionProjects/Sem/server/Server.cpp
        -:    0:Graph:C:\Users\Daniel\CLionProjects\Sem\cmake-build-debug-coverage\CMakeFiles\Sem.dir\server\Server.cpp.gcno
        -:    0:Data:C:\Users\Daniel\CLionProjects\Sem\cmake-build-debug-coverage\CMakeFiles\Sem.dir\server\Server.cpp.gcda
        -:    0:Runs:1
        -:    1:#include <iostream>
        -:    2:#include <vector>
        -:    3:#include <thread>
        -:    4:#include <cstring>
        -:    5:#include <algorithm>
        -:    6:#include <mutex>
        -:    7:#include "Database.h"
        -:    8:#include <regex>
        -:    9:#include <atomic>
        -:   10:#include <conio.h> // Pro _getch()
        -:   11:#include "./Table/StringColumn.h"
        -:   12:#include "Table/IntColumn.h"
        -:   13:#include "Table/DoubleColumn.h"
        -:   14:#include "Table/BoolColumn.h"
        -:   15:#include "Table/DateColumn.h"
        -:   16:
        -:   17:#ifdef _WIN32
        -:   18:#include <winsock2.h>
        -:   19:#pragma comment(lib, "ws2_32.lib")
        -:   20:#else
        -:   21:#include <unistd.h>
        -:   22:#endif
        -:   23:
        -:   24:class Server {
        -:   25:private:
        -:   26:    SOCKET serverSocket;
        -:   27:    std::vector<SOCKET> clientSockets;
        -:   28:    std::mutex clienMutex;
        -:   29:    std::atomic<bool> running{true};
        -:   30:    Database* database;
        -:   31:
        -:   32:public:
function _ZN6ServerC1Ei called 1 returned 100% blocks executed 56%
        1:   33:    Server(int port) : running(true) {
        1:   33-block  0
call    0 returned 1
call    1 returned 1
call    2 returned 1
        -:   34:#ifdef _WIN32
        -:   35:        WSADATA wsaData;
        1:   36:        if (WSAStartup(MAKEWORD(2, 2), &wsaData) != 0) {
call    0 returned 1
branch  1 taken 1 (fallthrough)
branch  2 taken 0 (throw)
        1:   36-block  0
branch  3 taken 0 (fallthrough)
branch  4 taken 1
    #####:   37:            std::cerr << "Error initializing Winsock\n";
    %%%%%:   37-block  0
call    0 never executed
branch  1 never executed (fallthrough)
branch  2 never executed (throw)
    #####:   38:            exit(EXIT_FAILURE);
    %%%%%:   38-block  0
call    0 never executed
        -:   39:        }
        -:   40:#endif
        -:   41:
        -:   42:        sockaddr_in serverAddress;
        1:   43:        serverSocket = socket(AF_INET, SOCK_STREAM, 0);
        1:   43-block  0
call    0 returned 1
branch  1 taken 1 (fallthrough)
branch  2 taken 0 (throw)
        1:   44:        if (serverSocket == -1) {
        1:   44-block  0
branch  0 taken 0 (fallthrough)
branch  1 taken 1
    #####:   45:            std::cerr << "Error creating server socket\n";
    %%%%%:   45-block  0
call    0 never executed
branch  1 never executed (fallthrough)
branch  2 never executed (throw)
    #####:   46:            exit(EXIT_FAILURE);
    %%%%%:   46-block  0
call    0 never executed
        -:   47:        }
        -:   48:
        1:   49:        serverAddress.sin_family = AF_INET;
        1:   50:        serverAddress.sin_addr.s_addr = INADDR_ANY;
        1:   51:        serverAddress.sin_port = htons(port);
        1:   51-block  0
call    0 returned 1
branch  1 taken 1 (fallthrough)
branch  2 taken 0 (throw)
        -:   52:
        1:   53:        if (bind(serverSocket, (struct sockaddr *) &serverAddress, sizeof(serverAddress)) == -1) {
        1:   53-block  0
call    0 returned 1
branch  1 taken 1 (fallthrough)
branch  2 taken 0 (throw)
        1:   53-block  1
branch  3 taken 0 (fallthrough)
branch  4 taken 1
    #####:   54:            std::cerr << "Error binding server socket\n";
    %%%%%:   54-block  0
call    0 never executed
branch  1 never executed (fallthrough)
branch  2 never executed (throw)
    #####:   55:            exit(EXIT_FAILURE);
    %%%%%:   55-block  0
call    0 never executed
        -:   56:        }
        -:   57:
        1:   58:        if (listen(serverSocket, 5) == -1) {
        1:   58-block  0
call    0 returned 1
branch  1 taken 1 (fallthrough)
branch  2 taken 0 (throw)
        1:   58-block  1
branch  3 taken 0 (fallthrough)
branch  4 taken 1
    #####:   59:            std::cerr << "Error listening for connections\n";
    %%%%%:   59-block  0
call    0 never executed
branch  1 never executed (fallthrough)
branch  2 never executed (throw)
    #####:   60:            exit(EXIT_FAILURE);
    %%%%%:   60-block  0
call    0 never executed
        -:   61:        }
        1:   62:        database = new Database();
        1:   62-block  0
call    0 returned 1
branch  1 taken 1 (fallthrough)
branch  2 taken 0 (throw)
        1:   62-block  1
call    3 returned 1
branch  4 taken 1 (fallthrough)
branch  5 taken 0 (throw)
    $$$$$:   62-block  2
branch  6 never executed (fallthrough)
branch  7 never executed
    $$$$$:   62-block  3
call    8 never executed
        1:   63:        std::cout << "Server listening on port " << port << std::endl;
        1:   63-block  0
call    0 returned 1
branch  1 taken 1 (fallthrough)
branch  2 taken 0 (throw)
        1:   63-block  1
call    3 returned 1
branch  4 taken 1 (fallthrough)
branch  5 taken 0 (throw)
        1:   63-block  2
call    6 returned 1
branch  7 taken 1 (fallthrough)
branch  8 taken 0 (throw)
        1:   64:    }
        1:   64-block  0
    $$$$$:   64-block  1
call    0 never executed
    $$$$$:   64-block  2
call    1 never executed
        -:   65:
function _ZN6ServerD1Ev called 1 returned 100% blocks executed 80%
        1:   66:    ~Server() {
        1:   67:        closesocket(serverSocket);
        1:   67-block  0
call    0 returned 1
       1*:   68:        for (SOCKET clientSocket : clientSockets) {
call    0 returned 1
call    1 returned 1
    %%%%%:   68-block  0
call    2 never executed
call    3 never executed
        1:   68-block  1
call    4 returned 1
branch  5 taken 0
branch  6 taken 1 (fallthrough)
    #####:   69:            closeClient(clientSocket);
call    0 never executed
        -:   70:        }
        1:   71:        delete database;
        1:   71-block  0
branch  0 taken 1 (fallthrough)
branch  1 taken 0
        1:   71-block  1
call    2 returned 1
call    3 returned 1
        -:   72:
        -:   73:#ifdef _WIN32
        1:   74:        WSACleanup();
        1:   74-block  0
call    0 returned 1
        -:   75:#endif
        1:   76:    }
call    0 returned 1
call    1 returned 1
        -:   77:
function _ZN6Server12handleClientEi called 1 returned 100% blocks executed 16%
        1:   78:    void handleClient(int clientSocket) {
        1:   79:        User* client = nullptr;
        -:   80:        //prihlasenie klienta
        2:   81:        while (client == nullptr) {
        1:   81-block  0
        2:   81-block  1
branch  0 taken 1
branch  1 taken 1 (fallthrough)
        1:   82:            const char* message = "For stepBack insert @\n"
        -:   83:                                  "Choose option:\n"
        -:   84:                                  "1. Login\n"
        -:   85:                                  "2. Register\n"
        -:   86:                                  "9. Quit\n"
        -:   87:                                  "Choose your option: ";
        1:   88:            send(clientSocket, message, strlen(message), 0);
        1:   88-block  0
call    0 returned 1
branch  1 taken 1 (fallthrough)
branch  2 taken 0 (throw)
        -:   89:            char buffer[1024];
        1:   90:            memset(buffer, 0, sizeof(buffer));
        1:   91:            int bytesRead = recv(clientSocket, buffer, sizeof(buffer), 0);
        1:   91-block  0
call    0 returned 1
branch  1 taken 1 (fallthrough)
branch  2 taken 0 (throw)
        1:   92:            if (bytesRead <= 0) {
        1:   92-block  0
branch  0 taken 0 (fallthrough)
branch  1 taken 1
    #####:   93:                std::cout << "Client disconnected\n";
    %%%%%:   93-block  0
call    0 never executed
branch  1 never executed (fallthrough)
branch  2 never executed (throw)
    #####:   94:                closeClient(clientSocket);
    %%%%%:   94-block  0
call    0 never executed
branch  1 never executed (fallthrough)
branch  2 never executed (throw)
    #####:   95:                break;
    %%%%%:   95-block  0
    %%%%%:   95-block  1
        -:   96:            }
        1:   97:            std::string option = buffer;
        1:   97-block  0
call    0 returned 1
branch  1 taken 1 (fallthrough)
branch  2 taken 0 (throw)
    $$$$$:   97-block  1
        1:   98:            bool existUsername = false;
        -:   99:            //Login
        1:  100:            if (option == "1") {
        1:  100-block  0
call    0 returned 1
branch  1 taken 1 (fallthrough)
branch  2 taken 0 (throw)
        1:  100-block  1
branch  3 taken 0 (fallthrough)
branch  4 taken 1
    #####:  101:                message = "Select user name: ";
    #####:  102:                send(clientSocket, message, strlen(message), 0);
    %%%%%:  102-block  0
call    0 never executed
branch  1 never executed (fallthrough)
branch  2 never executed (throw)
    #####:  103:                while (!existUsername) {
    %%%%%:  103-block  0
    %%%%%:  103-block  1
branch  0 never executed
branch  1 never executed (fallthrough)
    #####:  104:                    memset(buffer, 0, sizeof(buffer));
    #####:  105:                    bytesRead = recv(clientSocket, buffer, sizeof(buffer), 0);
    %%%%%:  105-block  0
call    0 never executed
branch  1 never executed (fallthrough)
branch  2 never executed (throw)
    #####:  106:                    if (bytesRead <= 0) {
    %%%%%:  106-block  0
branch  0 never executed (fallthrough)
branch  1 never executed
    #####:  107:                        std::cout << "Client disconnected\n";
    %%%%%:  107-block  0
call    0 never executed
branch  1 never executed (fallthrough)
branch  2 never executed (throw)
    #####:  108:                        closeClient(clientSocket);
    %%%%%:  108-block  0
call    0 never executed
branch  1 never executed (fallthrough)
branch  2 never executed (throw)
    #####:  109:                        break;
    %%%%%:  109-block  0
        -:  110:                    }
    #####:  111:                    if(std::string(buffer,bytesRead) == "@"){
    %%%%%:  111-block  0
call    0 never executed
branch  1 never executed (fallthrough)
branch  2 never executed (throw)
    %%%%%:  111-block  1
call    3 never executed
branch  4 never executed (fallthrough)
branch  5 never executed (throw)
    %%%%%:  111-block  2
call    6 never executed
    %%%%%:  111-block  3
branch  7 never executed (fallthrough)
branch  8 never executed
    $$$$$:  111-block  4
call    9 never executed
    $$$$$:  111-block  5
    $$$$$:  111-block  6
    #####:  112:                        break;
    %%%%%:  112-block  0
        -:  113:                    }
    #####:  114:                    if (database->existUsername(buffer)) {
    %%%%%:  114-block  0
    %%%%%:  114-block  1
call    0 never executed
branch  1 never executed (fallthrough)
branch  2 never executed (throw)
    %%%%%:  114-block  2
call    3 never executed
branch  4 never executed (fallthrough)
branch  5 never executed (throw)
    %%%%%:  114-block  3
call    6 never executed
    %%%%%:  114-block  4
branch  7 never executed (fallthrough)
branch  8 never executed
    $$$$$:  114-block  5
call    9 never executed
    $$$$$:  114-block  6
    $$$$$:  114-block  7
    #####:  115:                        existUsername = true;
    %%%%%:  115-block  0
    #####:  116:                        std::string name(buffer,bytesRead);
    %%%%%:  116-block  0
call    0 never executed
branch  1 never executed (fallthrough)
branch  2 never executed (throw)
    $$$$$:  116-block  1
    #####:  117:                        message = "Select password: ";
    #####:  118:                        send(clientSocket, message, strlen(message), 0);
    %%%%%:  118-block  0
call    0 never executed
branch  1 never executed (fallthrough)
branch  2 never executed (throw)
        -:  119:                        while (true) {
    #####:  120:                            memset(buffer, 0, sizeof(buffer));
    #####:  121:                            bytesRead = recv(clientSocket, buffer, sizeof(buffer), 0);
    %%%%%:  121-block  0
call    0 never executed
branch  1 never executed (fallthrough)
branch  2 never executed (throw)
    #####:  122:                            if (bytesRead <= 0) {
    %%%%%:  122-block  0
branch  0 never executed (fallthrough)
branch  1 never executed
    #####:  123:                                std::cout << "Client disconnected\n";
    %%%%%:  123-block  0
call    0 never executed
branch  1 never executed (fallthrough)
branch  2 never executed (throw)
    #####:  124:                                closeClient(clientSocket);
    %%%%%:  124-block  0
call    0 never executed
branch  1 never executed (fallthrough)
branch  2 never executed (throw)
    #####:  125:                                break;
    %%%%%:  125-block  0
        -:  126:                            }
    #####:  127:                            if(std::string(buffer,bytesRead) == "@"){
    %%%%%:  127-block  0
call    0 never executed
branch  1 never executed (fallthrough)
branch  2 never executed (throw)
    %%%%%:  127-block  1
call    3 never executed
branch  4 never executed (fallthrough)
branch  5 never executed (throw)
    %%%%%:  127-block  2
call    6 never executed
    %%%%%:  127-block  3
branch  7 never executed (fallthrough)
branch  8 never executed
    $$$$$:  127-block  4
call    9 never executed
    $$$$$:  127-block  5
    $$$$$:  127-block  6
    #####:  128:                                existUsername = false;
    #####:  129:                                message = "Select user name: ";
    #####:  130:                                send(clientSocket, message, strlen(message), 0);
    %%%%%:  130-block  0
call    0 never executed
branch  1 never executed (fallthrough)
branch  2 never executed (throw)
    #####:  131:                                break;
    %%%%%:  131-block  0
        -:  132:                            }
    #####:  133:                            std::string heslo(buffer, bytesRead);
    %%%%%:  133-block  0
call    0 never executed
branch  1 never executed (fallthrough)
branch  2 never executed (throw)
    $$$$$:  133-block  1
    #####:  134:                            if (database->getUser(name)->getHeslo() == heslo) {
    %%%%%:  134-block  0
call    0 never executed
branch  1 never executed (fallthrough)
branch  2 never executed (throw)
    %%%%%:  134-block  1
call    3 never executed
branch  4 never executed (fallthrough)
branch  5 never executed (throw)
    %%%%%:  134-block  2
call    6 never executed
call    7 never executed
branch  8 never executed (fallthrough)
branch  9 never executed
    $$$$$:  134-block  3
    #####:  135:                                client = database->getUser(name);
    %%%%%:  135-block  0
call    0 never executed
branch  1 never executed (fallthrough)
branch  2 never executed (throw)
    #####:  136:                                break;
    %%%%%:  136-block  0
        -:  137:                            } else {
    #####:  138:                                message = "Wrong password!!\n"
        -:  139:                                          "Select password: ";
    #####:  140:                                send(clientSocket, message, strlen(message), 0);
    %%%%%:  140-block  0
call    0 never executed
branch  1 never executed (fallthrough)
branch  2 never executed (throw)
        -:  141:                            }
    #####:  142:                        }
    %%%%%:  142-block  0
    %%%%%:  142-block  1
call    0 never executed
branch  1 never executed (fallthrough)
branch  2 never executed
    %%%%%:  142-block  2
    $$$$$:  142-block  3
call    3 never executed
    #####:  143:                    } else {
    %%%%%:  143-block  0
call    0 never executed
    $$$$$:  143-block  1
call    1 never executed
    #####:  144:                        message = "This user name does not exist!!\n"
        -:  145:                                  "Select user name: ";
    #####:  146:                        send(clientSocket, message, strlen(message), 0);
    %%%%%:  146-block  0
call    0 never executed
branch  1 never executed (fallthrough)
branch  2 never executed (throw)
        -:  147:                    }
        -:  148:                }
    #####:  149:                continue;
    #####:  150:            }
    %%%%%:  150-block  0
        -:  151:
        -:  152:            //Register
        1:  153:            if (option == "2") {
        1:  153-block  0
call    0 returned 1
branch  1 taken 1 (fallthrough)
branch  2 taken 0 (throw)
        1:  153-block  1
branch  3 taken 1 (fallthrough)
branch  4 taken 0
        1:  154:                message = "Select user name: ";
        1:  155:                send(clientSocket, message, strlen(message), 0);
        1:  155-block  0
call    0 returned 1
branch  1 taken 1 (fallthrough)
branch  2 taken 0 (throw)
        2:  156:                while (!existUsername) {
        1:  156-block  0
        2:  156-block  1
branch  0 taken 1
branch  1 taken 1 (fallthrough)
        1:  157:                    memset(buffer, 0, sizeof(buffer));
        1:  158:                    bytesRead = recv(clientSocket, buffer, sizeof(buffer), 0);
        1:  158-block  0
call    0 returned 1
branch  1 taken 1 (fallthrough)
branch  2 taken 0 (throw)
        1:  159:                    if (bytesRead <= 0) {
        1:  159-block  0
branch  0 taken 0 (fallthrough)
branch  1 taken 1
    #####:  160:                        std::cout << "Client disconnected\n";
    %%%%%:  160-block  0
call    0 never executed
branch  1 never executed (fallthrough)
branch  2 never executed (throw)
    #####:  161:                        closeClient(clientSocket);
    %%%%%:  161-block  0
call    0 never executed
branch  1 never executed (fallthrough)
branch  2 never executed (throw)
    #####:  162:                        break;
    %%%%%:  162-block  0
        -:  163:                    }
        2:  164:                    if(std::string(buffer,bytesRead) == "@"){
        1:  164-block  0
call    0 returned 1
branch  1 taken 1 (fallthrough)
branch  2 taken 0 (throw)
        1:  164-block  1
call    3 returned 1
branch  4 taken 1 (fallthrough)
branch  5 taken 0 (throw)
        1:  164-block  2
call    6 returned 1
        1:  164-block  3
branch  7 taken 0 (fallthrough)
branch  8 taken 1
    $$$$$:  164-block  4
call    9 never executed
    $$$$$:  164-block  5
    $$$$$:  164-block  6
    #####:  165:                        break;
    %%%%%:  165-block  0
        -:  166:                    }
        3:  167:                    if (database->existUsername(buffer)) {
        1:  167-block  0
        1:  167-block  1
call    0 returned 1
branch  1 taken 1 (fallthrough)
branch  2 taken 0 (throw)
        1:  167-block  2
call    3 returned 1
branch  4 taken 1 (fallthrough)
branch  5 taken 0 (throw)
        1:  167-block  3
call    6 returned 1
        1:  167-block  4
branch  7 taken 0 (fallthrough)
branch  8 taken 1
    $$$$$:  167-block  5
call    9 never executed
    $$$$$:  167-block  6
    $$$$$:  167-block  7
    #####:  168:                        message = "This user name already exists!!\n"
        -:  169:                                  "Select user name: ";
    #####:  170:                        send(clientSocket, message, strlen(message), 0);
    %%%%%:  170-block  0
call    0 never executed
branch  1 never executed (fallthrough)
branch  2 never executed (throw)
        -:  171:                    } else {
        1:  172:                        std::string name(buffer,bytesRead);
        1:  172-block  0
call    0 returned 1
branch  1 taken 1 (fallthrough)
branch  2 taken 0 (throw)
    $$$$$:  172-block  1
        1:  173:                        existUsername = true;
        1:  174:                        message = "(Password must have 5 length) Select password:";
        1:  175:                        send(clientSocket, message, strlen(message), 0);
        1:  175-block  0
call    0 returned 1
branch  1 taken 1 (fallthrough)
branch  2 taken 0 (throw)
        -:  176:                        while (true) {
        1:  177:                            bytesRead = recv(clientSocket, buffer, sizeof(buffer), 0);
        1:  177-block  0
call    0 returned 1
branch  1 taken 1 (fallthrough)
branch  2 taken 0 (throw)
        1:  178:                            if (bytesRead <= 0) {
        1:  178-block  0
branch  0 taken 0 (fallthrough)
branch  1 taken 1
    #####:  179:                                std::cout << "Client disconnected\n";
    %%%%%:  179-block  0
call    0 never executed
branch  1 never executed (fallthrough)
branch  2 never executed (throw)
    #####:  180:                                closeClient(clientSocket);
    %%%%%:  180-block  0
call    0 never executed
branch  1 never executed (fallthrough)
branch  2 never executed (throw)
    #####:  181:                                break;
    %%%%%:  181-block  0
        -:  182:                            }
        2:  183:                            if(std::string(buffer,bytesRead) == "@"){
        1:  183-block  0
call    0 returned 1
branch  1 taken 1 (fallthrough)
branch  2 taken 0 (throw)
        1:  183-block  1
call    3 returned 1
branch  4 taken 1 (fallthrough)
branch  5 taken 0 (throw)
        1:  183-block  2
call    6 returned 1
        1:  183-block  3
branch  7 taken 0 (fallthrough)
branch  8 taken 1
    $$$$$:  183-block  4
call    9 never executed
    $$$$$:  183-block  5
    $$$$$:  183-block  6
    #####:  184:                                break;
    %%%%%:  184-block  0
        -:  185:                            }
        1:  186:                            std::string heslo(buffer, bytesRead);
        1:  186-block  0
call    0 returned 1
branch  1 taken 1 (fallthrough)
branch  2 taken 0 (throw)
    $$$$$:  186-block  1
        1:  187:                            if (heslo.length() >= 5) {
        1:  187-block  0
call    0 returned 1
branch  1 taken 1 (fallthrough)
branch  2 taken 0
        1:  188:                                if(!database->existUsername(name)) {
        1:  188-block  0
call    0 returned 1
branch  1 taken 1 (fallthrough)
branch  2 taken 0 (throw)
        1:  188-block  1
branch  3 taken 1 (fallthrough)
branch  4 taken 0
        1:  189:                                    client = new User(name, heslo);
        1:  189-block  0
call    0 returned 1
branch  1 taken 1 (fallthrough)
branch  2 taken 0 (throw)
        1:  189-block  1
call    3 returned 1
branch  4 taken 1 (fallthrough)
branch  5 taken 0 (throw)
    $$$$$:  189-block  2
branch  6 never executed (fallthrough)
branch  7 never executed
    $$$$$:  189-block  3
call    8 never executed
        1:  190:                                    database->addUser(name, heslo);
        1:  190-block  0
call    0 returned 1
branch  1 taken 1 (fallthrough)
branch  2 taken 0 (throw)
        1:  191:                                    message = "Registration successful click ENTER";
        1:  192:                                    send(clientSocket, message, strlen(message), 0);
        1:  192-block  0
call    0 returned 1
branch  1 taken 1 (fallthrough)
branch  2 taken 0 (throw)
        1:  193:                                    break;
        1:  193-block  0
        -:  194:                                }else{
    #####:  195:                                    message = "dont response";
    #####:  196:                                    send(clientSocket, message, strlen(message),0);
    %%%%%:  196-block  0
call    0 never executed
branch  1 never executed (fallthrough)
branch  2 never executed (throw)
    #####:  197:                                    message = "User with this name was added when you was registring try it again!!";
    #####:  198:                                    send(clientSocket, message, strlen(message),0);
    %%%%%:  198-block  0
call    0 never executed
branch  1 never executed (fallthrough)
branch  2 never executed (throw)
    #####:  199:                                    break;
    %%%%%:  199-block  0
        -:  200:                                }
        -:  201:                            } else {
    #####:  202:                                message = "Invalid password!!!\n"
        -:  203:                                          "(Password must have 5 length) Select password: ";
    #####:  204:                                send(clientSocket, message, strlen(message), 0);
    %%%%%:  204-block  0
call    0 never executed
branch  1 never executed (fallthrough)
branch  2 never executed (throw)
        -:  205:                            }
       1*:  206:                        }
    %%%%%:  206-block  0
        1:  206-block  1
call    0 returned 1
branch  1 taken 0 (fallthrough)
branch  2 taken 1
    %%%%%:  206-block  2
    $$$$$:  206-block  3
call    3 never executed
        1:  207:                    }
        1:  207-block  0
call    0 returned 1
    $$$$$:  207-block  1
call    1 never executed
        -:  208:                }
        1:  209:                continue;
        1:  210:            }
        1:  210-block  0
        -:  211:
    #####:  212:            if(option == "9"){
    %%%%%:  212-block  0
call    0 never executed
branch  1 never executed (fallthrough)
branch  2 never executed (throw)
    %%%%%:  212-block  1
branch  3 never executed (fallthrough)
branch  4 never executed
    #####:  213:                closeClient(clientSocket);
    %%%%%:  213-block  0
call    0 never executed
branch  1 never executed (fallthrough)
branch  2 never executed (throw)
    #####:  214:                break;
    %%%%%:  214-block  0
        -:  215:            }
        -:  216:
        -:  217:            else{
    #####:  218:                message = "Wrong choice\nTo continue click ENTER\n";
    #####:  219:                send(clientSocket, message, strlen(message), 0);
    %%%%%:  219-block  0
call    0 never executed
branch  1 never executed (fallthrough)
branch  2 never executed (throw)
        -:  220:            }
       1*:  221:        }
    %%%%%:  221-block  0
        1:  221-block  1
call    0 returned 1
branch  1 taken 0
branch  2 taken 0
branch  3 taken 1
    $$$$$:  221-block  2
call    4 never executed
        -:  222:
        1:  223:        if(client != nullptr) {
        1:  223-block  0
branch  0 taken 1 (fallthrough)
branch  1 taken 0
        1:  224:            bool odpojilSa = false;
        1:  225:            const char *dontResponse = "Dont response";
        1:  226:            const char *optionsMessage = "Select one option\n"
        -:  227:                                         "1. ""Select table\n"
        -:  228:                                         "2. Create table\n"
        -:  229:                                         "3. Delete table\n"
        -:  230:                                         "4. Print all my Tables\n"
        -:  231:                                         "5. Print tables with rights to me\n"
        -:  232:                                         "6. Add user right to table\n"
        -:  233:                                         "9. Quit\n"
        -:  234:                                         "Choose your option: ";
        1:  235:            send(clientSocket, optionsMessage, strlen(optionsMessage), 0);
        1:  235-block  0
call    0 returned 1
branch  1 taken 1 (fallthrough)
branch  2 taken 0 (throw)
        -:  236:            char buffer[5000];
        4:  237:            while (!odpojilSa) {
        1:  237-block  0
        4:  237-block  1
branch  0 taken 4
branch  1 taken 0 (fallthrough)
        4:  238:                memset(buffer, 0, sizeof(buffer));
        4:  239:                int bytesRead = recv(clientSocket, buffer, sizeof(buffer), 0);
        4:  239-block  0
call    0 returned 4
branch  1 taken 4 (fallthrough)
branch  2 taken 0 (throw)
        4:  240:                if (bytesRead <= 0) {
        4:  240-block  0
branch  0 taken 0 (fallthrough)
branch  1 taken 4
    #####:  241:                    std::cout << "Client disconnected\n";
    %%%%%:  241-block  0
call    0 never executed
branch  1 never executed (fallthrough)
branch  2 never executed (throw)
    #####:  242:                    closeClient(clientSocket);
    %%%%%:  242-block  0
call    0 never executed
branch  1 never executed (fallthrough)
branch  2 never executed (throw)
    #####:  243:                    odpojilSa = true;
       1*:  244:                    break;
    %%%%%:  244-block  0
        1:  244-block  1
        -:  245:                }
        4:  246:                std::string option = buffer;
        4:  246-block  0
call    0 returned 4
branch  1 taken 4 (fallthrough)
branch  2 taken 0 (throw)
    $$$$$:  246-block  1
        -:  247:                //moznosti pre operacie nad tabulkou
        4:  248:                if (option == "1") {
        4:  248-block  0
call    0 returned 4
branch  1 taken 4 (fallthrough)
branch  2 taken 0 (throw)
        4:  248-block  1
branch  3 taken 0 (fallthrough)
branch  4 taken 4
    #####:  249:                    send(clientSocket, dontResponse, strlen(dontResponse), 0);
    %%%%%:  249-block  0
call    0 never executed
branch  1 never executed (fallthrough)
branch  2 never executed (throw)
    #####:  250:                    std::string header = "Tables to choose:\n" + database->getTables();
    %%%%%:  250-block  0
call    0 never executed
branch  1 never executed (fallthrough)
branch  2 never executed (throw)
    %%%%%:  250-block  1
call    3 never executed
branch  4 never executed (fallthrough)
branch  5 never executed (throw)
    %%%%%:  250-block  2
call    6 never executed
    $$$$$:  250-block  3
call    7 never executed
    $$$$$:  250-block  4
    #####:  251:                    const char *messageToSend = header.c_str();
call    0 never executed
    #####:  252:                    send(clientSocket, messageToSend, strlen(messageToSend), 0);
call    0 never executed
branch  1 never executed (fallthrough)
branch  2 never executed (throw)
    #####:  253:                    if (header.find("Not tabels yet")) {
    %%%%%:  253-block  0
call    0 never executed
branch  1 never executed (fallthrough)
branch  2 never executed
    #####:  254:                        while (!odpojilSa) {
    %%%%%:  254-block  0
    %%%%%:  254-block  1
branch  0 never executed
branch  1 never executed (fallthrough)
    #####:  255:                            std::string tableName;
    %%%%%:  255-block  0
call    0 never executed
    #####:  256:                            messageToSend = "Select name of table: ";
    #####:  257:                            send(clientSocket, messageToSend, strlen(messageToSend), 0);
call    0 never executed
branch  1 never executed (fallthrough)
branch  2 never executed (throw)
    #####:  258:                            int bytesRead = recv(clientSocket, buffer, sizeof(buffer), 0);
    %%%%%:  258-block  0
call    0 never executed
branch  1 never executed (fallthrough)
branch  2 never executed (throw)
    #####:  259:                            if (bytesRead <= 0) {
    %%%%%:  259-block  0
branch  0 never executed (fallthrough)
branch  1 never executed
    #####:  260:                                std::cout << "Client disconnected\n";
    %%%%%:  260-block  0
call    0 never executed
branch  1 never executed (fallthrough)
branch  2 never executed (throw)
    #####:  261:                                closeClient(clientSocket);
    %%%%%:  261-block  0
call    0 never executed
branch  1 never executed (fallthrough)
branch  2 never executed (throw)
    #####:  262:                                odpojilSa = true;
    #####:  263:                                break;
    %%%%%:  263-block  0
        -:  264:                            }
    #####:  265:                            if (std::string(buffer, bytesRead) == "@") {
    %%%%%:  265-block  0
call    0 never executed
branch  1 never executed (fallthrough)
branch  2 never executed (throw)
    %%%%%:  265-block  1
call    3 never executed
branch  4 never executed (fallthrough)
branch  5 never executed (throw)
    %%%%%:  265-block  2
call    6 never executed
    %%%%%:  265-block  3
branch  7 never executed (fallthrough)
branch  8 never executed
    $$$$$:  265-block  4
call    9 never executed
    $$$$$:  265-block  5
    $$$$$:  265-block  6
    #####:  266:                                break;
    %%%%%:  266-block  0
        -:  267:                            }
    #####:  268:                            if (database->existTable(std::string(buffer, bytesRead))) {
    %%%%%:  268-block  0
    %%%%%:  268-block  1
call    0 never executed
branch  1 never executed (fallthrough)
branch  2 never executed (throw)
    %%%%%:  268-block  2
call    3 never executed
branch  4 never executed (fallthrough)
branch  5 never executed (throw)
    %%%%%:  268-block  3
call    6 never executed
    %%%%%:  268-block  4
branch  7 never executed (fallthrough)
branch  8 never executed
    $$$$$:  268-block  5
call    9 never executed
    $$$$$:  268-block  6
    $$$$$:  268-block  7
    #####:  269:                                tableName = std::string(buffer, bytesRead);
    %%%%%:  269-block  0
call    0 never executed
branch  1 never executed (fallthrough)
branch  2 never executed (throw)
    %%%%%:  269-block  1
call    3 never executed
call    4 never executed
    $$$$$:  269-block  2
    $$$$$:  269-block  3
    #####:  270:                                while (!odpojilSa) {
    %%%%%:  270-block  0
    %%%%%:  270-block  1
branch  0 never executed
branch  1 never executed (fallthrough)
    #####:  271:                                    messageToSend = "Select one option:\n"
        -:  272:                                                    "1. Select row by index of row\n"
        -:  273:                                                    "2. Select all rows\n"
        -:  274:                                                    "3. Update row by index of column and value\n"
        -:  275:                                                    "4. Add row\n"
        -:  276:                                                    "5. Delete row\n"
        -:  277:                                                    "Choose your option: ";
    #####:  278:                                    send(clientSocket, messageToSend, strlen(messageToSend), 0);
    %%%%%:  278-block  0
call    0 never executed
branch  1 never executed (fallthrough)
branch  2 never executed (throw)
    #####:  279:                                    bytesRead = recv(clientSocket, buffer, sizeof(buffer), 0);
    %%%%%:  279-block  0
call    0 never executed
branch  1 never executed (fallthrough)
branch  2 never executed (throw)
    #####:  280:                                    if (bytesRead <= 0) {
    %%%%%:  280-block  0
branch  0 never executed (fallthrough)
branch  1 never executed
    #####:  281:                                        std::cout << "Client disconnected\n";
    %%%%%:  281-block  0
call    0 never executed
branch  1 never executed (fallthrough)
branch  2 never executed (throw)
    #####:  282:                                        closeClient(clientSocket);
    %%%%%:  282-block  0
call    0 never executed
branch  1 never executed (fallthrough)
branch  2 never executed (throw)
    #####:  283:                                        odpojilSa = true;
    #####:  284:                                        break;
    %%%%%:  284-block  0
    %%%%%:  284-block  1
        -:  285:                                    }
    #####:  286:                                    if (std::string(buffer, bytesRead) == "@") {
    %%%%%:  286-block  0
call    0 never executed
branch  1 never executed (fallthrough)
branch  2 never executed (throw)
    %%%%%:  286-block  1
call    3 never executed
branch  4 never executed (fallthrough)
branch  5 never executed (throw)
    %%%%%:  286-block  2
call    6 never executed
    %%%%%:  286-block  3
branch  7 never executed (fallthrough)
branch  8 never executed
    $$$$$:  286-block  4
call    9 never executed
    $$$$$:  286-block  5
    $$$$$:  286-block  6
    #####:  287:                                        break;
    %%%%%:  287-block  0
        -:  288:                                    }
    #####:  289:                                    std::string a(buffer, bytesRead);
    %%%%%:  289-block  0
call    0 never executed
branch  1 never executed (fallthrough)
branch  2 never executed (throw)
    $$$$$:  289-block  1
    #####:  290:                                    if (a == "1") {
    %%%%%:  290-block  0
call    0 never executed
branch  1 never executed (fallthrough)
branch  2 never executed (throw)
    %%%%%:  290-block  1
branch  3 never executed (fallthrough)
branch  4 never executed
    #####:  291:                                        if (database->getTable(tableName)->canUserSelect(client)) {
    %%%%%:  291-block  0
call    0 never executed
branch  1 never executed (fallthrough)
branch  2 never executed (throw)
    %%%%%:  291-block  1
call    3 never executed
branch  4 never executed (fallthrough)
branch  5 never executed (throw)
    %%%%%:  291-block  2
branch  6 never executed (fallthrough)
branch  7 never executed
    #####:  292:                                            while (!odpojilSa) {
    %%%%%:  292-block  0
    %%%%%:  292-block  1
branch  0 never executed
branch  1 never executed (fallthrough)
    #####:  293:                                                messageToSend = "Select index of row:";
    #####:  294:                                                send(clientSocket, messageToSend, strlen(messageToSend), 0);
    %%%%%:  294-block  0
call    0 never executed
branch  1 never executed (fallthrough)
branch  2 never executed (throw)
    #####:  295:                                                bytesRead = recv(clientSocket, buffer, sizeof(buffer), 0);
    %%%%%:  295-block  0
call    0 never executed
branch  1 never executed (fallthrough)
branch  2 never executed (throw)
    #####:  296:                                                if (bytesRead <= 0) {
    %%%%%:  296-block  0
branch  0 never executed (fallthrough)
branch  1 never executed
    #####:  297:                                                    std::cout << "Client disconnected\n";
    %%%%%:  297-block  0
call    0 never executed
branch  1 never executed (fallthrough)
branch  2 never executed (throw)
    #####:  298:                                                    closeClient(clientSocket);
    %%%%%:  298-block  0
call    0 never executed
branch  1 never executed (fallthrough)
branch  2 never executed (throw)
    #####:  299:                                                    odpojilSa = true;
    #####:  300:                                                    break;
    %%%%%:  300-block  0
        -:  301:                                                }
    #####:  302:                                                if (std::string(buffer, bytesRead) == "@") {
    %%%%%:  302-block  0
call    0 never executed
branch  1 never executed (fallthrough)
branch  2 never executed (throw)
    %%%%%:  302-block  1
call    3 never executed
branch  4 never executed (fallthrough)
branch  5 never executed (throw)
    %%%%%:  302-block  2
call    6 never executed
    %%%%%:  302-block  3
branch  7 never executed (fallthrough)
branch  8 never executed
    $$$$$:  302-block  4
call    9 never executed
    $$$$$:  302-block  5
    $$$$$:  302-block  6
    #####:  303:                                                    break;
    %%%%%:  303-block  0
        -:  304:                                                }
    #####:  305:                                                a = std::string(buffer, bytesRead);
    %%%%%:  305-block  0
call    0 never executed
branch  1 never executed (fallthrough)
branch  2 never executed (throw)
    %%%%%:  305-block  1
call    3 never executed
call    4 never executed
    $$$$$:  305-block  2
    $$$$$:  305-block  3
        -:  306:                                                try {
    #####:  307:                                                    int index = std::stoi(a);
    %%%%%:  307-block  0
call    0 never executed
branch  1 never executed (fallthrough)
branch  2 never executed (throw)
    #####:  308:                                                    send(clientSocket, dontResponse, strlen(dontResponse), 0);
    %%%%%:  308-block  0
call    0 never executed
branch  1 never executed (fallthrough)
branch  2 never executed (throw)
    #####:  309:                                                    if (index != 0) {
    %%%%%:  309-block  0
branch  0 never executed (fallthrough)
branch  1 never executed
    #####:  310:                                                        std::string message = database->getRowByIndex(tableName, index);
    %%%%%:  310-block  0
call    0 never executed
branch  1 never executed (fallthrough)
branch  2 never executed (throw)
    #####:  311:                                                        send(clientSocket, message.c_str(), message.size(), 0);
    %%%%%:  311-block  0
call    0 never executed
call    1 never executed
call    2 never executed
branch  3 never executed (fallthrough)
branch  4 never executed (throw)
    #####:  312:                                                    } else {
    %%%%%:  312-block  0
call    0 never executed
    $$$$$:  312-block  1
call    1 never executed
    #####:  313:                                                        messageToSend = "Wrong index!!\n";
    #####:  314:                                                        send(clientSocket, messageToSend, strlen(messageToSend), 0);
    %%%%%:  314-block  0
call    0 never executed
branch  1 never executed (fallthrough)
branch  2 never executed (throw)
        -:  315:                                                    }
    =====:  316:                                                } catch (const std::invalid_argument &e) {
    $$$$$:  316-block  0
branch  0 never executed (fallthrough)
branch  1 never executed
    $$$$$:  316-block  1
call    2 never executed
    =====:  317:                                                    send(clientSocket, dontResponse, strlen(dontResponse), 0);
call    0 never executed
branch  1 never executed (fallthrough)
branch  2 never executed (throw)
    =====:  318:                                                    messageToSend = "Invalid index format. Please provide a valid integer.\n";
    =====:  319:                                                    send(clientSocket, messageToSend, strlen(messageToSend), 0);
    $$$$$:  319-block  0
call    0 never executed
branch  1 never executed (fallthrough)
branch  2 never executed (throw)
    =====:  320:                                                    continue;
    $$$$$:  320-block  0
    =====:  321:                                                }
    $$$$$:  321-block  0
call    0 never executed
    $$$$$:  321-block  1
call    1 never executed
        -:  322:                                            }
        -:  323:                                        } else {
    #####:  324:                                            send(clientSocket, dontResponse, strlen(dontResponse), 0);
    %%%%%:  324-block  0
call    0 never executed
branch  1 never executed (fallthrough)
branch  2 never executed (throw)
    #####:  325:                                            messageToSend = "You dont have right to select";
    #####:  326:                                            send(clientSocket, messageToSend, strlen(messageToSend), 0);
    %%%%%:  326-block  0
call    0 never executed
branch  1 never executed (fallthrough)
branch  2 never executed (throw)
        -:  327:                                        }
    #####:  328:                                        continue;
    #####:  329:                                    }
    %%%%%:  329-block  0
    #####:  330:                                    if (a == "2") {
    %%%%%:  330-block  0
call    0 never executed
branch  1 never executed (fallthrough)
branch  2 never executed (throw)
    %%%%%:  330-block  1
branch  3 never executed (fallthrough)
branch  4 never executed
    #####:  331:                                            if(database->getTable(tableName)->canUserSelect(client)) {
    %%%%%:  331-block  0
call    0 never executed
branch  1 never executed (fallthrough)
branch  2 never executed (throw)
    %%%%%:  331-block  1
call    3 never executed
branch  4 never executed (fallthrough)
branch  5 never executed (throw)
    %%%%%:  331-block  2
branch  6 never executed (fallthrough)
branch  7 never executed
    #####:  332:                                                send(clientSocket, dontResponse, strlen(dontResponse), 0);
    %%%%%:  332-block  0
call    0 never executed
branch  1 never executed (fallthrough)
branch  2 never executed (throw)
    #####:  333:                                                std::string message = database->getAllRows(tableName);
    %%%%%:  333-block  0
call    0 never executed
branch  1 never executed (fallthrough)
branch  2 never executed (throw)
    #####:  334:                                                send(clientSocket, message.c_str(), message.size(), 0);
    %%%%%:  334-block  0
call    0 never executed
call    1 never executed
call    2 never executed
branch  3 never executed (fallthrough)
branch  4 never executed (throw)
    #####:  335:                                                continue;
    %%%%%:  335-block  0
    #####:  336:                                            } else{
    %%%%%:  336-block  0
call    0 never executed
    $$$$$:  336-block  1
call    1 never executed
    #####:  337:                                                send(clientSocket, dontResponse, strlen(dontResponse), 0);
    %%%%%:  337-block  0
call    0 never executed
branch  1 never executed (fallthrough)
branch  2 never executed (throw)
    #####:  338:                                                messageToSend = "You dont have right to select";
    #####:  339:                                                send(clientSocket, messageToSend, strlen(messageToSend), 0);
    %%%%%:  339-block  0
call    0 never executed
branch  1 never executed (fallthrough)
branch  2 never executed (throw)
        -:  340:                                            }
        -:  341:                                        }
    #####:  342:                                    if (a == "3") {
    %%%%%:  342-block  0
call    0 never executed
branch  1 never executed (fallthrough)
branch  2 never executed (throw)
    %%%%%:  342-block  1
branch  3 never executed (fallthrough)
branch  4 never executed
    #####:  343:                                        if (database->getTable(tableName)->canUserUpdate(client)){
    %%%%%:  343-block  0
call    0 never executed
branch  1 never executed (fallthrough)
branch  2 never executed (throw)
    %%%%%:  343-block  1
call    3 never executed
branch  4 never executed (fallthrough)
branch  5 never executed (throw)
    %%%%%:  343-block  2
branch  6 never executed (fallthrough)
branch  7 never executed
    #####:  344:                                            while(!odpojilSa) {
    %%%%%:  344-block  0
    %%%%%:  344-block  1
branch  0 never executed
branch  1 never executed (fallthrough)
    #####:  345:                                                messageToSend = "Select one option:\n"
        -:  346:                                                                "1. Select index of column\n"
        -:  347:                                                                "2. Show index of columns\n"
        -:  348:                                                                "Choose option: ";
    #####:  349:                                                send(clientSocket, messageToSend, strlen(messageToSend), 0);
    %%%%%:  349-block  0
call    0 never executed
branch  1 never executed (fallthrough)
branch  2 never executed (throw)
    #####:  350:                                                bytesRead = recv(clientSocket, buffer, sizeof(buffer), 0);
    %%%%%:  350-block  0
call    0 never executed
branch  1 never executed (fallthrough)
branch  2 never executed (throw)
    #####:  351:                                                if (bytesRead <= 0) {
    %%%%%:  351-block  0
branch  0 never executed (fallthrough)
branch  1 never executed
    #####:  352:                                                    std::cout << "Client disconnected\n";
    %%%%%:  352-block  0
call    0 never executed
branch  1 never executed (fallthrough)
branch  2 never executed (throw)
    #####:  353:                                                    closeClient(clientSocket);
    %%%%%:  353-block  0
call    0 never executed
branch  1 never executed (fallthrough)
branch  2 never executed (throw)
    #####:  354:                                                    odpojilSa = true;
    #####:  355:                                                    break;
    %%%%%:  355-block  0
        -:  356:                                                }
    #####:  357:                                                if (std::string(buffer, bytesRead) == "@") {
    %%%%%:  357-block  0
call    0 never executed
branch  1 never executed (fallthrough)
branch  2 never executed (throw)
    %%%%%:  357-block  1
call    3 never executed
branch  4 never executed (fallthrough)
branch  5 never executed (throw)
    %%%%%:  357-block  2
call    6 never executed
    %%%%%:  357-block  3
branch  7 never executed (fallthrough)
branch  8 never executed
    $$$$$:  357-block  4
call    9 never executed
    $$$$$:  357-block  5
    $$$$$:  357-block  6
    #####:  358:                                                    break;
    %%%%%:  358-block  0
        -:  359:                                                }
    #####:  360:                                                if (std::string(buffer, bytesRead) == "1") {
    %%%%%:  360-block  0
call    0 never executed
branch  1 never executed (fallthrough)
branch  2 never executed (throw)
    %%%%%:  360-block  1
call    3 never executed
branch  4 never executed (fallthrough)
branch  5 never executed (throw)
    %%%%%:  360-block  2
call    6 never executed
    %%%%%:  360-block  3
branch  7 never executed (fallthrough)
branch  8 never executed
    $$$$$:  360-block  4
call    9 never executed
    $$$$$:  360-block  5
    $$$$$:  360-block  6
    #####:  361:                                                    while (!odpojilSa) {
    %%%%%:  361-block  0
    %%%%%:  361-block  1
branch  0 never executed
branch  1 never executed (fallthrough)
    #####:  362:                                                        messageToSend = "Select index of column: ";
    #####:  363:                                                        send(clientSocket, messageToSend, strlen(messageToSend), 0);
    %%%%%:  363-block  0
call    0 never executed
branch  1 never executed (fallthrough)
branch  2 never executed (throw)
    #####:  364:                                                        bytesRead = recv(clientSocket, buffer, sizeof(buffer), 0);
    %%%%%:  364-block  0
call    0 never executed
branch  1 never executed (fallthrough)
branch  2 never executed (throw)
    #####:  365:                                                        if (bytesRead <= 0) {
    %%%%%:  365-block  0
branch  0 never executed (fallthrough)
branch  1 never executed
    #####:  366:                                                            std::cout << "Client disconnected\n";
    %%%%%:  366-block  0
call    0 never executed
branch  1 never executed (fallthrough)
branch  2 never executed (throw)
    #####:  367:                                                            closeClient(clientSocket);
    %%%%%:  367-block  0
call    0 never executed
branch  1 never executed (fallthrough)
branch  2 never executed (throw)
    #####:  368:                                                            odpojilSa = true;
    #####:  369:                                                            break;
    %%%%%:  369-block  0
        -:  370:                                                        }
    #####:  371:                                                        if (std::string(buffer, bytesRead) == "@") {
    %%%%%:  371-block  0
call    0 never executed
branch  1 never executed (fallthrough)
branch  2 never executed (throw)
    %%%%%:  371-block  1
call    3 never executed
branch  4 never executed (fallthrough)
branch  5 never executed (throw)
    %%%%%:  371-block  2
call    6 never executed
    %%%%%:  371-block  3
branch  7 never executed (fallthrough)
branch  8 never executed
    $$$$$:  371-block  4
call    9 never executed
    $$$$$:  371-block  5
    $$$$$:  371-block  6
    #####:  372:                                                            break;
    %%%%%:  372-block  0
        -:  373:                                                        }
    #####:  374:                                                        a = std::string(buffer, bytesRead);
    %%%%%:  374-block  0
call    0 never executed
branch  1 never executed (fallthrough)
branch  2 never executed (throw)
    %%%%%:  374-block  1
call    3 never executed
call    4 never executed
    $$$$$:  374-block  2
    $$$$$:  374-block  3
        -:  375:
    #####:  376:                                                        if (std::stoi(a)) {
    %%%%%:  376-block  0
call    0 never executed
branch  1 never executed (fallthrough)
branch  2 never executed (throw)
    %%%%%:  376-block  1
branch  3 never executed (fallthrough)
branch  4 never executed
    #####:  377:                                                            int index = std::stoi(a) - 1;
    %%%%%:  377-block  0
call    0 never executed
branch  1 never executed (fallthrough)
branch  2 never executed (throw)
    #####:  378:                                                            if (database->existsColumnIndex(tableName, index)) {
    %%%%%:  378-block  0
call    0 never executed
branch  1 never executed (fallthrough)
branch  2 never executed (throw)
    %%%%%:  378-block  1
branch  3 never executed (fallthrough)
branch  4 never executed
    #####:  379:                                                                if (!database->getTable(tableName)->isColumnPrimaryKer(
    %%%%%:  379-block  0
call    0 never executed
branch  1 never executed (fallthrough)
branch  2 never executed (throw)
    %%%%%:  379-block  1
call    3 never executed
branch  4 never executed (fallthrough)
branch  5 never executed (throw)
    %%%%%:  379-block  2
branch  6 never executed (fallthrough)
branch  7 never executed
        -:  380:                                                                        index)) {
    #####:  381:                                                                    while (!odpojilSa) {
    %%%%%:  381-block  0
    %%%%%:  381-block  1
branch  0 never executed
branch  1 never executed (fallthrough)
    #####:  382:                                                                        messageToSend = "Select value which you want change: ";
    #####:  383:                                                                        send(clientSocket, messageToSend,
    #####:  384:                                                                             strlen(messageToSend),
    %%%%%:  384-block  0
call    0 never executed
branch  1 never executed (fallthrough)
branch  2 never executed (throw)
        -:  385:                                                                             0);
    #####:  386:                                                                        bytesRead = recv(clientSocket, buffer,
    %%%%%:  386-block  0
call    0 never executed
branch  1 never executed (fallthrough)
branch  2 never executed (throw)
        -:  387:                                                                                         sizeof(buffer),
        -:  388:                                                                                         0);
    #####:  389:                                                                        if (bytesRead <= 0) {
    %%%%%:  389-block  0
branch  0 never executed (fallthrough)
branch  1 never executed
    #####:  390:                                                                            std::cout << "Client disconnected\n";
    %%%%%:  390-block  0
call    0 never executed
branch  1 never executed (fallthrough)
branch  2 never executed (throw)
    #####:  391:                                                                            closeClient(clientSocket);
    %%%%%:  391-block  0
call    0 never executed
branch  1 never executed (fallthrough)
branch  2 never executed (throw)
    #####:  392:                                                                            odpojilSa = true;
    #####:  393:                                                                            break;
    %%%%%:  393-block  0
        -:  394:                                                                        }
    #####:  395:                                                                        if (std::string(buffer, bytesRead) == "@") {
    %%%%%:  395-block  0
call    0 never executed
branch  1 never executed (fallthrough)
branch  2 never executed (throw)
    %%%%%:  395-block  1
call    3 never executed
branch  4 never executed (fallthrough)
branch  5 never executed (throw)
    %%%%%:  395-block  2
call    6 never executed
    %%%%%:  395-block  3
branch  7 never executed (fallthrough)
branch  8 never executed
    $$$$$:  395-block  4
call    9 never executed
    $$$$$:  395-block  5
    $$$$$:  395-block  6
    #####:  396:                                                                            break;
    %%%%%:  396-block  0
        -:  397:                                                                        }
    #####:  398:                                                                        while (!odpojilSa) {
    %%%%%:  398-block  0
    %%%%%:  398-block  1
branch  0 never executed
branch  1 never executed (fallthrough)
    #####:  399:                                                                            std::string oldValue(buffer, bytesRead);
    %%%%%:  399-block  0
call    0 never executed
branch  1 never executed (fallthrough)
branch  2 never executed (throw)
    $$$$$:  399-block  1
    #####:  400:                                                                            messageToSend = "Select new value: ";
    #####:  401:                                                                            send(clientSocket, messageToSend,
    #####:  402:                                                                                 strlen(messageToSend),
    %%%%%:  402-block  0
call    0 never executed
branch  1 never executed (fallthrough)
branch  2 never executed (throw)
        -:  403:                                                                                 0);
    #####:  404:                                                                            bytesRead = recv(clientSocket, buffer,
    %%%%%:  404-block  0
call    0 never executed
branch  1 never executed (fallthrough)
branch  2 never executed (throw)
        -:  405:                                                                                             sizeof(buffer),
        -:  406:                                                                                             0);
    #####:  407:                                                                            if (bytesRead <= 0) {
    %%%%%:  407-block  0
branch  0 never executed (fallthrough)
branch  1 never executed
    #####:  408:                                                                                std::cout << "Client disconnected\n";
    %%%%%:  408-block  0
call    0 never executed
branch  1 never executed (fallthrough)
branch  2 never executed (throw)
    #####:  409:                                                                                closeClient(clientSocket);
    %%%%%:  409-block  0
call    0 never executed
branch  1 never executed (fallthrough)
branch  2 never executed (throw)
    #####:  410:                                                                                odpojilSa = true;
    #####:  411:                                                                                break;
    %%%%%:  411-block  0
        -:  412:                                                                            }
    #####:  413:                                                                            if (std::string(buffer, bytesRead) == "@") {
    %%%%%:  413-block  0
call    0 never executed
branch  1 never executed (fallthrough)
branch  2 never executed (throw)
    %%%%%:  413-block  1
call    3 never executed
branch  4 never executed (fallthrough)
branch  5 never executed (throw)
    %%%%%:  413-block  2
call    6 never executed
    %%%%%:  413-block  3
branch  7 never executed (fallthrough)
branch  8 never executed
    $$$$$:  413-block  4
call    9 never executed
    $$$$$:  413-block  5
    $$$$$:  413-block  6
    #####:  414:                                                                                break;
    %%%%%:  414-block  0
        -:  415:                                                                            }
    #####:  416:                                                                            std::string newValue(buffer, bytesRead);
    %%%%%:  416-block  0
call    0 never executed
branch  1 never executed (fallthrough)
branch  2 never executed (throw)
    $$$$$:  416-block  1
    #####:  417:                                                                            send(clientSocket, dontResponse,
    #####:  418:                                                                                 strlen(dontResponse),
    %%%%%:  418-block  0
call    0 never executed
branch  1 never executed (fallthrough)
branch  2 never executed (throw)
        -:  419:                                                                                 0);
        -:  420:                                                                            std::string l = "Number of uptades rows: " +
    #####:  421:                                                                                            std::to_string(
    %%%%%:  421-block  0
call    0 never executed
branch  1 never executed (fallthrough)
branch  2 never executed (throw)
    %%%%%:  421-block  1
call    3 never executed
    %%%%%:  421-block  2
call    4 never executed
    $$$$$:  421-block  3
call    5 never executed
    $$$$$:  421-block  4
    #####:  422:                                                                                                    database->getTable(
    %%%%%:  422-block  0
call    0 never executed
branch  1 never executed (fallthrough)
branch  2 never executed (throw)
        -:  423:                                                                                                            tableName)->uploadAllColumnValues(
        -:  424:                                                                                                            index,
        -:  425:                                                                                                            oldValue,
    #####:  426:                                                                                                            newValue));
call    0 never executed
branch  1 never executed (fallthrough)
branch  2 never executed (throw)
    #####:  427:                                                                            send(clientSocket, l.c_str(), l.size(),
call    0 never executed
call    1 never executed
call    2 never executed
branch  3 never executed (fallthrough)
branch  4 never executed (throw)
        -:  428:                                                                                 0);
    #####:  429:                                                                        }
    %%%%%:  429-block  0
call    0 never executed
call    1 never executed
    %%%%%:  429-block  1
call    2 never executed
branch  3 never executed (fallthrough)
branch  4 never executed
    $$$$$:  429-block  2
call    5 never executed
    $$$$$:  429-block  3
call    6 never executed
    $$$$$:  429-block  4
call    7 never executed
    #####:  430:                                                                        break;
    %%%%%:  430-block  0
        -:  431:                                                                    }
    #####:  432:                                                                    continue;
    #####:  433:                                                                } else {
    %%%%%:  433-block  0
    #####:  434:                                                                    send(clientSocket, dontResponse,
    #####:  435:                                                                         strlen(dontResponse),
    %%%%%:  435-block  0
call    0 never executed
branch  1 never executed (fallthrough)
branch  2 never executed (throw)
        -:  436:                                                                         0);
    #####:  437:                                                                    messageToSend = "Column is primary key you cant change value of primary key!!!";
    #####:  438:                                                                    send(clientSocket, messageToSend,
    #####:  439:                                                                         strlen(messageToSend),
    %%%%%:  439-block  0
call    0 never executed
branch  1 never executed (fallthrough)
branch  2 never executed (throw)
        -:  440:                                                                         0);
        -:  441:                                                                }
        -:  442:                                                            } else {
    #####:  443:                                                                send(clientSocket, dontResponse, strlen(dontResponse),
    %%%%%:  443-block  0
call    0 never executed
branch  1 never executed (fallthrough)
branch  2 never executed (throw)
        -:  444:                                                                     0);
    #####:  445:                                                                messageToSend = "Wrong index!!";
    #####:  446:                                                                send(clientSocket, messageToSend, strlen(messageToSend),
    %%%%%:  446-block  0
call    0 never executed
branch  1 never executed (fallthrough)
branch  2 never executed (throw)
        -:  447:                                                                     0);
        -:  448:                                                            }
        -:  449:                                                        }
        -:  450:                                                    }
    #####:  451:                                                    continue;
    #####:  452:                                                }
    %%%%%:  452-block  0
    #####:  453:                                                if (std::string(buffer, bytesRead) == "2") {
    %%%%%:  453-block  0
call    0 never executed
branch  1 never executed (fallthrough)
branch  2 never executed (throw)
    %%%%%:  453-block  1
call    3 never executed
branch  4 never executed (fallthrough)
branch  5 never executed (throw)
    %%%%%:  453-block  2
call    6 never executed
    %%%%%:  453-block  3
branch  7 never executed (fallthrough)
branch  8 never executed
    $$$$$:  453-block  4
call    9 never executed
    $$$$$:  453-block  5
    $$$$$:  453-block  6
    #####:  454:                                                    send(clientSocket, dontResponse, strlen(dontResponse), 0);
    %%%%%:  454-block  0
call    0 never executed
branch  1 never executed (fallthrough)
branch  2 never executed (throw)
    #####:  455:                                                    std::string message = database->getColumnsIndexes(tableName);
    %%%%%:  455-block  0
call    0 never executed
branch  1 never executed (fallthrough)
branch  2 never executed (throw)
    #####:  456:                                                    send(clientSocket, message.c_str(), message.size(), 0);
    %%%%%:  456-block  0
call    0 never executed
call    1 never executed
call    2 never executed
branch  3 never executed (fallthrough)
branch  4 never executed (throw)
    #####:  457:                                                    continue;
    %%%%%:  457-block  0
    #####:  458:                                                } else {
    %%%%%:  458-block  0
call    0 never executed
    $$$$$:  458-block  1
call    1 never executed
    #####:  459:                                                    send(clientSocket, dontResponse, strlen(dontResponse), 0);
    %%%%%:  459-block  0
call    0 never executed
branch  1 never executed (fallthrough)
branch  2 never executed (throw)
    #####:  460:                                                    messageToSend = "Wrong option!!";
    #####:  461:                                                    send(clientSocket, messageToSend, strlen(messageToSend), 0);
    %%%%%:  461-block  0
call    0 never executed
branch  1 never executed (fallthrough)
branch  2 never executed (throw)
        -:  462:                                                }
        -:  463:                                            }
        -:  464:                                        } else{
    #####:  465:                                            send(clientSocket, dontResponse, strlen(dontResponse), 0);
    %%%%%:  465-block  0
call    0 never executed
branch  1 never executed (fallthrough)
branch  2 never executed (throw)
    #####:  466:                                            messageToSend = "You dont have right to update !!";
    #####:  467:                                            send(clientSocket, messageToSend, strlen(messageToSend), 0);
    %%%%%:  467-block  0
call    0 never executed
branch  1 never executed (fallthrough)
branch  2 never executed (throw)
        -:  468:                                        }
    #####:  469:                                        continue;
    #####:  470:                                    }
    %%%%%:  470-block  0
    #####:  471:                                    bool odisiel = false;
    #####:  472:                                    if (a == "4") {
    %%%%%:  472-block  0
call    0 never executed
branch  1 never executed (fallthrough)
branch  2 never executed (throw)
    %%%%%:  472-block  1
branch  3 never executed (fallthrough)
branch  4 never executed
    #####:  473:                                        if (database->getTable(tableName)->canUserAdd(client)){
    %%%%%:  473-block  0
call    0 never executed
branch  1 never executed (fallthrough)
branch  2 never executed (throw)
    %%%%%:  473-block  1
call    3 never executed
branch  4 never executed (fallthrough)
branch  5 never executed (throw)
    %%%%%:  473-block  2
branch  6 never executed (fallthrough)
branch  7 never executed
    #####:  474:                                            while (!odisiel) {
    %%%%%:  474-block  0
    %%%%%:  474-block  1
branch  0 never executed
branch  1 never executed (fallthrough)
    #####:  475:                                                int numberColumns = database->getNumberOfColumns(tableName);
    %%%%%:  475-block  0
call    0 never executed
branch  1 never executed (fallthrough)
branch  2 never executed (throw)
    #####:  476:                                                std::vector<std::string> values;
    #####:  477:                                                for (int i = 0; i < numberColumns; ++i) {
    %%%%%:  477-block  0
    %%%%%:  477-block  1
    %%%%%:  477-block  2
branch  0 never executed
branch  1 never executed (fallthrough)
    #####:  478:                                                    while (!odisiel) {
    %%%%%:  478-block  0
    %%%%%:  478-block  1
branch  0 never executed
branch  1 never executed (fallthrough)
    #####:  479:                                                        send(clientSocket, dontResponse, strlen(dontResponse), 0);
    %%%%%:  479-block  0
call    0 never executed
branch  1 never executed (fallthrough)
branch  2 never executed (throw)
    #####:  480:                                                        std::string message = database->getColumnDescription(tableName,
    #####:  481:                                                                                                             i);
    %%%%%:  481-block  0
call    0 never executed
branch  1 never executed (fallthrough)
branch  2 never executed (throw)
    #####:  482:                                                        send(clientSocket, message.c_str(), message.size(), 0);
    %%%%%:  482-block  0
call    0 never executed
call    1 never executed
call    2 never executed
branch  3 never executed (fallthrough)
branch  4 never executed (throw)
    #####:  483:                                                        messageToSend = "Select Value: ";
    #####:  484:                                                        send(clientSocket, messageToSend, strlen(messageToSend), 0);
    %%%%%:  484-block  0
call    0 never executed
branch  1 never executed (fallthrough)
branch  2 never executed (throw)
    #####:  485:                                                        bytesRead = recv(clientSocket, buffer, sizeof(buffer), 0);
    %%%%%:  485-block  0
call    0 never executed
branch  1 never executed (fallthrough)
branch  2 never executed (throw)
    #####:  486:                                                        if (bytesRead <= 0) {
    %%%%%:  486-block  0
branch  0 never executed (fallthrough)
branch  1 never executed
    #####:  487:                                                            std::cout << "Client disconnected\n";
    %%%%%:  487-block  0
call    0 never executed
branch  1 never executed (fallthrough)
branch  2 never executed (throw)
    #####:  488:                                                            closeClient(clientSocket);
    %%%%%:  488-block  0
call    0 never executed
branch  1 never executed (fallthrough)
branch  2 never executed (throw)
    #####:  489:                                                            odpojilSa = true;
    #####:  490:                                                            odisiel = true;
    #####:  491:                                                            break;
    %%%%%:  491-block  0
        -:  492:                                                        }
    #####:  493:                                                        if (std::string(buffer, bytesRead) == "@") {
    %%%%%:  493-block  0
call    0 never executed
branch  1 never executed (fallthrough)
branch  2 never executed (throw)
    %%%%%:  493-block  1
call    3 never executed
branch  4 never executed (fallthrough)
branch  5 never executed (throw)
    %%%%%:  493-block  2
call    6 never executed
    %%%%%:  493-block  3
branch  7 never executed (fallthrough)
branch  8 never executed
    $$$$$:  493-block  4
call    9 never executed
    $$$$$:  493-block  5
    $$$$$:  493-block  6
    #####:  494:                                                            odisiel = true;
    #####:  495:                                                            break;
    %%%%%:  495-block  0
        -:  496:                                                        }
    #####:  497:                                                        std::string value1(buffer, bytesRead);
    %%%%%:  497-block  0
call    0 never executed
branch  1 never executed (fallthrough)
branch  2 never executed (throw)
    $$$$$:  497-block  1
    #####:  498:                                                        bool isNullable = !database->isColumnNullAble(tableName, i);
    %%%%%:  498-block  0
call    0 never executed
branch  1 never executed (fallthrough)
branch  2 never executed (throw)
    #####:  499:                                                        if (isNullable) {
    %%%%%:  499-block  0
branch  0 never executed (fallthrough)
branch  1 never executed
    #####:  500:                                                            if (value1 == "NULL" || value1 == "" || value1 == " " ||
    %%%%%:  500-block  0
call    0 never executed
branch  1 never executed (fallthrough)
branch  2 never executed (throw)
    %%%%%:  500-block  1
call    3 never executed
branch  4 never executed (fallthrough)
branch  5 never executed (throw)
    %%%%%:  500-block  2
branch  6 never executed (fallthrough)
branch  7 never executed
    %%%%%:  500-block  3
call    8 never executed
branch  9 never executed (fallthrough)
branch 10 never executed (throw)
    %%%%%:  500-block  4
branch 11 never executed (fallthrough)
branch 12 never executed
    #####:  501:                                                                value1 == "null" || value1 == "Null" ||
    %%%%%:  501-block  0
branch  0 never executed (fallthrough)
branch  1 never executed
    %%%%%:  501-block  1
call    2 never executed
branch  3 never executed (fallthrough)
branch  4 never executed (throw)
    %%%%%:  501-block  2
branch  5 never executed (fallthrough)
branch  6 never executed
    %%%%%:  501-block  3
call    7 never executed
branch  8 never executed (fallthrough)
branch  9 never executed (throw)
    %%%%%:  501-block  4
branch 10 never executed (fallthrough)
branch 11 never executed
    %%%%%:  501-block  5
    %%%%%:  501-block  6
    %%%%%:  501-block  7
branch 12 never executed (fallthrough)
branch 13 never executed
    #####:  502:                                                                value1 == "nullptr") {
    %%%%%:  502-block  0
call    0 never executed
branch  1 never executed (fallthrough)
branch  2 never executed (throw)
    %%%%%:  502-block  1
branch  3 never executed (fallthrough)
branch  4 never executed
    #####:  503:                                                                value1 = "";
    %%%%%:  503-block  0
call    0 never executed
branch  1 never executed (fallthrough)
branch  2 never executed (throw)
    #####:  504:                                                                values.push_back(value1);
    %%%%%:  504-block  0
call    0 never executed
branch  1 never executed (fallthrough)
branch  2 never executed (throw)
    #####:  505:                                                                break;
    %%%%%:  505-block  0
        -:  506:                                                            } else {
    #####:  507:                                                                std::string type = database->getTypeOfColumn(tableName,
    #####:  508:                                                                                                             i);
    %%%%%:  508-block  0
call    0 never executed
branch  1 never executed (fallthrough)
branch  2 never executed (throw)
    #####:  509:                                                                if (!type.empty()) {
    %%%%%:  509-block  0
call    0 never executed
branch  1 never executed (fallthrough)
branch  2 never executed
[...]
    %%%%%: 1162-block  0
call    0 never executed
branch  1 never executed (fallthrough)
branch  2 never executed (throw)
    #####: 1163:                                                    std::string message2 = database->getTable(tableName)->addRightSelect(database->getUser(userName));
    %%%%%: 1163-block  0
call    0 never executed
branch  1 never executed (fallthrough)
branch  2 never executed (throw)
    %%%%%: 1163-block  1
call    3 never executed
branch  4 never executed (fallthrough)
branch  5 never executed (throw)
    %%%%%: 1163-block  2
call    6 never executed
branch  7 never executed (fallthrough)
branch  8 never executed (throw)
    #####: 1164:                                                    send(clientSocket, message2.c_str(), message2.size(), 0);
    %%%%%: 1164-block  0
call    0 never executed
call    1 never executed
call    2 never executed
branch  3 never executed (fallthrough)
branch  4 never executed (throw)
    #####: 1165:                                                    continue;
    %%%%%: 1165-block  0
    #####: 1166:                                                }if(opt == "2"){
    %%%%%: 1166-block  0
call    0 never executed
    %%%%%: 1166-block  1
call    1 never executed
branch  2 never executed (fallthrough)
branch  3 never executed (throw)
    %%%%%: 1166-block  2
branch  4 never executed (fallthrough)
branch  5 never executed
    $$$$$: 1166-block  3
call    6 never executed
    #####: 1167:                                                    send(clientSocket, dontResponse, strlen(dontResponse), 0);
    %%%%%: 1167-block  0
call    0 never executed
branch  1 never executed (fallthrough)
branch  2 never executed (throw)
    #####: 1168:                                                    std::string message2 = database->getTable(tableName)->addRightUpdate(database->getUser(userName));
    %%%%%: 1168-block  0
call    0 never executed
branch  1 never executed (fallthrough)
branch  2 never executed (throw)
    %%%%%: 1168-block  1
call    3 never executed
branch  4 never executed (fallthrough)
branch  5 never executed (throw)
    %%%%%: 1168-block  2
call    6 never executed
branch  7 never executed (fallthrough)
branch  8 never executed (throw)
    #####: 1169:                                                    send(clientSocket, message2.c_str(), message2.size(), 0);
    %%%%%: 1169-block  0
call    0 never executed
call    1 never executed
call    2 never executed
branch  3 never executed (fallthrough)
branch  4 never executed (throw)
    #####: 1170:                                                    continue;
    %%%%%: 1170-block  0
    #####: 1171:                                                }
    %%%%%: 1171-block  0
call    0 never executed
    $$$$$: 1171-block  1
call    1 never executed
    #####: 1172:                                                if(opt == "3"){
    %%%%%: 1172-block  0
call    0 never executed
branch  1 never executed (fallthrough)
branch  2 never executed (throw)
    %%%%%: 1172-block  1
branch  3 never executed (fallthrough)
branch  4 never executed
    #####: 1173:                                                    send(clientSocket, dontResponse, strlen(dontResponse), 0);
    %%%%%: 1173-block  0
call    0 never executed
branch  1 never executed (fallthrough)
branch  2 never executed (throw)
    #####: 1174:                                                    std::string message2 = database->getTable(tableName)->addRightAdd(database->getUser(userName));
    %%%%%: 1174-block  0
call    0 never executed
branch  1 never executed (fallthrough)
branch  2 never executed (throw)
    %%%%%: 1174-block  1
call    3 never executed
branch  4 never executed (fallthrough)
branch  5 never executed (throw)
    %%%%%: 1174-block  2
call    6 never executed
branch  7 never executed (fallthrough)
branch  8 never executed (throw)
    #####: 1175:                                                    send(clientSocket, message2.c_str(), message2.size(), 0);
    %%%%%: 1175-block  0
call    0 never executed
call    1 never executed
call    2 never executed
branch  3 never executed (fallthrough)
branch  4 never executed (throw)
    #####: 1176:                                                    continue;
    %%%%%: 1176-block  0
    #####: 1177:                                                }
    %%%%%: 1177-block  0
call    0 never executed
    $$$$$: 1177-block  1
call    1 never executed
    #####: 1178:                                                if(opt == "4"){
    %%%%%: 1178-block  0
call    0 never executed
branch  1 never executed (fallthrough)
branch  2 never executed (throw)
    %%%%%: 1178-block  1
branch  3 never executed (fallthrough)
branch  4 never executed
    #####: 1179:                                                    send(clientSocket, dontResponse, strlen(dontResponse), 0);
    %%%%%: 1179-block  0
call    0 never executed
branch  1 never executed (fallthrough)
branch  2 never executed (throw)
    #####: 1180:                                                    std::string message2 = database->getTable(tableName)->addRightDelete(database->getUser(userName));
    %%%%%: 1180-block  0
call    0 never executed
branch  1 never executed (fallthrough)
branch  2 never executed (throw)
    %%%%%: 1180-block  1
call    3 never executed
branch  4 never executed (fallthrough)
branch  5 never executed (throw)
    %%%%%: 1180-block  2
call    6 never executed
branch  7 never executed (fallthrough)
branch  8 never executed (throw)
    #####: 1181:                                                    send(clientSocket, message2.c_str(), message2.size(), 0);
    %%%%%: 1181-block  0
call    0 never executed
call    1 never executed
call    2 never executed
branch  3 never executed (fallthrough)
branch  4 never executed (throw)
    #####: 1182:                                                    continue;
    %%%%%: 1182-block  0
    #####: 1183:                                                } else{
    %%%%%: 1183-block  0
call    0 never executed
    $$$$$: 1183-block  1
call    1 never executed
    #####: 1184:                                                    send(clientSocket, dontResponse, strlen(dontResponse), 0);
    %%%%%: 1184-block  0
call    0 never executed
branch  1 never executed (fallthrough)
branch  2 never executed (throw)
    #####: 1185:                                                    messageToSend = "Wrong option !!";
    #####: 1186:                                                    send(clientSocket, messageToSend, strlen(messageToSend), 0);
    %%%%%: 1186-block  0
call    0 never executed
branch  1 never executed (fallthrough)
branch  2 never executed (throw)
        -: 1187:                                                }
    #####: 1188:                                            }
    %%%%%: 1188-block  0
    %%%%%: 1188-block  1
call    0 never executed
branch  1 never executed (fallthrough)
branch  2 never executed
    $$$$$: 1188-block  2
call    3 never executed
        -: 1189:                                        }else{
    #####: 1190:                                            send(clientSocket, dontResponse, strlen(dontResponse), 0);
    %%%%%: 1190-block  0
call    0 never executed
branch  1 never executed (fallthrough)
branch  2 never executed (throw)
    #####: 1191:                                            messageToSend = "User doesnt exists !!";
    #####: 1192:                                            send(clientSocket, messageToSend, strlen(messageToSend), 0);
    %%%%%: 1192-block  0
call    0 never executed
branch  1 never executed (fallthrough)
branch  2 never executed (throw)
        -: 1193:                                        }
    #####: 1194:                                    }
    %%%%%: 1194-block  0
    %%%%%: 1194-block  1
call    0 never executed
branch  1 never executed (fallthrough)
branch  2 never executed
    $$$$$: 1194-block  2
call    3 never executed
        -: 1195:                                }
        -: 1196:                                else{
    #####: 1197:                                    send(clientSocket, dontResponse, strlen(dontResponse), 0);
    %%%%%: 1197-block  0
call    0 never executed
branch  1 never executed (fallthrough)
branch  2 never executed (throw)
    #####: 1198:                                    messageToSend = "Table is not yours !!";
    #####: 1199:                                    send(clientSocket, messageToSend, strlen(messageToSend), 0);
    %%%%%: 1199-block  0
call    0 never executed
branch  1 never executed (fallthrough)
branch  2 never executed (throw)
    #####: 1200:                                    continue;
    %%%%%: 1200-block  0
        -: 1201:                                }
        -: 1202:                            } else{
    #####: 1203:                                send(clientSocket, dontResponse, strlen(dontResponse), 0);
    %%%%%: 1203-block  0
call    0 never executed
branch  1 never executed (fallthrough)
branch  2 never executed (throw)
    #####: 1204:                                messageToSend = "Table dont exists !!";
    #####: 1205:                                send(clientSocket, messageToSend, strlen(messageToSend), 0);
    %%%%%: 1205-block  0
call    0 never executed
branch  1 never executed (fallthrough)
branch  2 never executed (throw)
        -: 1206:                            }
    #####: 1207:                        }
    %%%%%: 1207-block  0
    %%%%%: 1207-block  1
call    0 never executed
branch  1 never executed
branch  2 never executed
branch  3 never executed
    $$$$$: 1207-block  2
call    4 never executed
        -: 1208:
        -: 1209:                }
        -: 1210:                //Quit
        1: 1211:                if (option == "9") {
        1: 1211-block  0
call    0 returned 1
branch  1 taken 1 (fallthrough)
branch  2 taken 0 (throw)
        1: 1211-block  1
branch  3 taken 1 (fallthrough)
branch  4 taken 0
        1: 1212:                    odpojilSa = true;
        1: 1213:                    closeClient(clientSocket);
        1: 1213-block  0
call    0 returned 1
branch  1 taken 1 (fallthrough)
branch  2 taken 0 (throw)
        1: 1214:                    break;
        1: 1214-block  0
        -: 1215:                }
        -: 1216:                else {
    #####: 1217:                    const char *invalidOptionMessage = "Invalid option\n"
        -: 1218:                                                       "Select one option\n"
        -: 1219:                                                       "1. ""Select table\n"
        -: 1220:                                                       "2. Create table\n"
        -: 1221:                                                       "3. Delete table\n"
        -: 1222:                                                       "4. Print all my Tables\n"
        -: 1223:                                                       "5. Print tables with rights to me\n"
        -: 1224:                                                       "6. Add user right to table\n"
        -: 1225:                                                       "9. Quit\n"
        -: 1226:                                                       "Choose your option: ";
    #####: 1227:                    send(clientSocket, invalidOptionMessage, strlen(invalidOptionMessage), 0);
    %%%%%: 1227-block  0
call    0 never executed
branch  1 never executed (fallthrough)
branch  2 never executed (throw)
        -: 1228:                }
       4*: 1229:            }
    %%%%%: 1229-block  0
        4: 1229-block  1
call    0 returned 4
branch  1 taken 0
branch  2 taken 1
branch  3 taken 3
    $$$$$: 1229-block  2
call    4 never executed
        -: 1230:        }
        -: 1231:        // toto nemozem zmazat to je blbost delete client;
        1: 1232:        if(client == nullptr){
        1: 1232-block  0
branch  0 taken 0 (fallthrough)
branch  1 taken 1
    #####: 1233:            delete client;
    %%%%%: 1233-block  0
branch  0 never executed (fallthrough)
branch  1 never executed
    %%%%%: 1233-block  1
call    2 never executed
call    3 never executed
        -: 1234:        }
        1: 1235:        std::cout << "Thread ended/ClientDisconect\n";
        1: 1235-block  0
call    0 returned 1
        1: 1236:    }
        -: 1237:
function _ZN6Server11closeClientEi called 1 returned 100% blocks executed 83%
        1: 1238:    void closeClient(int clientSocket) {
        1: 1239:        std::unique_lock<std::mutex> lock(clienMutex);
        1: 1239-block  0
call    0 returned 1
branch  1 taken 1 (fallthrough)
branch  2 taken 0 (throw)
        1: 1240:        closesocket(clientSocket);
        1: 1240-block  0
call    0 returned 1
branch  1 taken 1 (fallthrough)
branch  2 taken 0 (throw)
        1: 1241:        auto it = std::find(clientSockets.begin(), clientSockets.end(), clientSocket);
        1: 1241-block  0
call    0 returned 1
call    1 returned 1
call    2 returned 1
branch  3 taken 1 (fallthrough)
branch  4 taken 0 (throw)
        1: 1242:        if (it != clientSockets.end()) {
        1: 1242-block  0
call    0 returned 1
call    1 returned 1
branch  2 taken 1 (fallthrough)
branch  3 taken 0
        1: 1243:            clientSockets.erase(it);
        1: 1243-block  0
call    0 returned 1
call    1 returned 1
branch  2 taken 1 (fallthrough)
branch  3 taken 0 (throw)
        1: 1243-block  1
    $$$$$: 1243-block  2
        -: 1244:        }
        1: 1245:        lock.unlock();
        1: 1245-block  0
call    0 returned 1
branch  1 taken 1 (fallthrough)
branch  2 taken 0 (throw)
        1: 1246:    }
        1: 1246-block  0
call    0 returned 1
    $$$$$: 1246-block  1
call    1 never executed
        -: 1247:
function _ZN6Server17acceptConnectionsEv called 1 returned 100% blocks executed 76%
        1: 1248:    void acceptConnections() {
       68: 1249:        while (running) {
        1: 1249-block  0
       68: 1249-block  1
call    0 returned 68
branch  1 taken 67
branch  2 taken 1 (fallthrough)
        -: 1250:            sockaddr_in clientAddress;
       67: 1251:            int clientAddressLength = sizeof(clientAddress);
        -: 1252:
        -: 1253:            // Nastavit timeout na 1 sekundu (1000 ms)
        -: 1254:            timeval timeout;
       67: 1255:            timeout.tv_sec = 1;
       67: 1256:            timeout.tv_usec = 0;
        -: 1257:
        -: 1258:            fd_set readSet;
       67: 1259:            FD_ZERO(&readSet);
      67*: 1260:            FD_SET(serverSocket, &readSet);
       67: 1260-block  0
    %%%%%: 1260-block  1
branch  0 never executed (fallthrough)
branch  1 never executed
    %%%%%: 1260-block  2
    %%%%%: 1260-block  3
       67: 1260-block  4
branch  2 taken 0
branch  3 taken 67 (fallthrough)
       67: 1260-block  5
branch  4 taken 67 (fallthrough)
branch  5 taken 0
       67: 1260-block  6
branch  6 taken 67 (fallthrough)
branch  7 taken 0
       67: 1260-block  7
        -: 1261:
        -: 1262:            // Pripravensot prijatia noveho spojenia s timeoutom
       67: 1263:            int result = select(serverSocket + 1, &readSet, nullptr, nullptr, &timeout);
       67: 1263-block  0
call    0 returned 67
branch  1 taken 67 (fallthrough)
branch  2 taken 0 (throw)
        -: 1264:
       67: 1265:            if (result > 0 && FD_ISSET(serverSocket, &readSet)) {
       67: 1265-block  0
branch  0 taken 1 (fallthrough)
branch  1 taken 66
        1: 1265-block  1
call    2 returned 1
branch  3 taken 1 (fallthrough)
branch  4 taken 0 (throw)
        1: 1265-block  2
branch  5 taken 1 (fallthrough)
branch  6 taken 0
        1: 1265-block  3
       66: 1265-block  4
       67: 1265-block  5
branch  7 taken 1 (fallthrough)
branch  8 taken 66
        1: 1266:                SOCKET clientSocket = accept(serverSocket, (struct sockaddr *) &clientAddress, &clientAddressLength);
        1: 1266-block  0
call    0 returned 1
branch  1 taken 1 (fallthrough)
branch  2 taken 0 (throw)
        -: 1267:
        1: 1268:                if (clientSocket != INVALID_SOCKET) {
        1: 1268-block  0
branch  0 taken 1 (fallthrough)
branch  1 taken 0
        1: 1269:                    std::cout << "Client connected" << std::endl;
        1: 1269-block  0
call    0 returned 1
branch  1 taken 1 (fallthrough)
branch  2 taken 0 (throw)
        1: 1269-block  1
call    3 returned 1
branch  4 taken 1 (fallthrough)
branch  5 taken 0 (throw)
        1: 1270:                    clientSockets.push_back(clientSocket);
        1: 1270-block  0
call    0 returned 1
branch  1 taken 1 (fallthrough)
branch  2 taken 0 (throw)
        1: 1271:                    std::thread clientThread(&Server::handleClient, this, clientSocket);
        1: 1271-block  0
call    0 returned 1
branch  1 taken 1 (fallthrough)
branch  2 taken 0 (throw)
    $$$$$: 1271-block  1
    $$$$$: 1271-block  2
        1: 1272:                    clientThread.detach();
        1: 1272-block  0
call    0 returned 1
branch  1 taken 1 (fallthrough)
branch  2 taken 0 (throw)
        1: 1273:                }
        1: 1273-block  0
call    0 returned 1
    $$$$$: 1273-block  1
call    1 never executed
        -: 1274:            }
        -: 1275:        }
        -: 1276:        // doplnenie zapisania udajov
        -: 1277:
        1: 1278:        std::cout << "Server is not more running\n";
        1: 1278-block  0
call    0 returned 1
        1: 1279:    }
        -: 1280:
function _ZN6Server10stopServerEv called 1 returned 100% blocks executed 100%
        1: 1281:    void stopServer() {
        1: 1282:        running = false;
        1: 1282-block  0
call    0 returned 1
        1: 1283:    }
        -: 1284:
function _ZN6Server9isRunningEv called 4670548170 returned 100% blocks executed 100%
4670548170: 1285:    bool isRunning(){
4670548170: 1286:        return running;
4670548170: 1286-block  0
call    0 returned 4670548170
        -: 1287:    }
        -: 1288:
        -: 1289:};
        -: 1290:
        -: 1291:
function _Z12IsKeyPressedi called 4670548170 returned 100% blocks executed 100%
4670548170: 1292:bool IsKeyPressed(int key) {
4670548170: 1293:    return GetAsyncKeyState(key) & 0x8000;
4670548170: 1293-block  0
call    0 returned 4670548170
        -: 1294:}
        -: 1295:
function main called 1 returned 100% blocks executed 71%
        1: 1296:int main() {
        1: 1297:    int port = 3050;
        1: 1298:    Server server(port);
        1: 1298-block  0
call    0 returned 1
branch  1 taken 1 (fallthrough)
branch  2 taken 0 (throw)
        1: 1299:    std::thread acceptThread(&Server::acceptConnections, &server);
        1: 1299-block  0
call    0 returned 1
branch  1 taken 1 (fallthrough)
branch  2 taken 0 (throw)
    $$$$$: 1299-block  1
    $$$$$: 1299-block  2
        -: 1300:    //Ukoncim server stlacenim klavesy ESCAPE==Esc
4670548170: 1301:    while (server.isRunning()) {
        1: 1301-block  0
4670548170: 1301-block  1
call    0 returned 4670548170
branch  1 taken 4670548170
branch  2 taken 0 (fallthrough)
4670548170: 1302:        if (IsKeyPressed(VK_ESCAPE)) {
4670548170: 1302-block  0
call    0 returned 4670548170
branch  1 taken 4670548170 (fallthrough)
branch  2 taken 0 (throw)
4670548170: 1302-block  1
branch  3 taken 1 (fallthrough)
branch  4 taken 4670548169
        1: 1303:            server.stopServer();
        1: 1303-block  0
call    0 returned 1
        1: 1304:            break;
        -: 1305:        }
        -: 1306:    }
        1: 1307:    acceptThread.join();
        1: 1307-block  0
call    0 returned 1
branch  1 taken 1 (fallthrough)
branch  2 taken 0 (throw)
        1: 1308:    return 0;
        1: 1309:}
        1: 1309-block  0
call    0 returned 1
call    1 returned 1
    $$$$$: 1309-block  1
call    2 never executed
    $$$$$: 1309-block  2
call    3 never executed
